<?xml version="1.0" encoding="UTF-8"?>
<testsuite xmlns:xsi="http://www.w3.org/2001/XMLSchema-instance" xsi:noNamespaceSchemaLocation="https://maven.apache.org/surefire/maven-surefire-plugin/xsd/surefire-test-report-3.0.xsd" version="3.0" name="test.java.com.mycompany.app.AppTest" time="0.093" tests="5" errors="0" skipped="0" failures="0">
  <properties>
    <property name="sun.desktop" value="windows"/>
    <property name="awt.toolkit" value="sun.awt.windows.WToolkit"/>
    <property name="java.specification.version" value="11"/>
    <property name="sun.cpu.isalist" value="amd64"/>
    <property name="sun.jnu.encoding" value="Cp1252"/>
    <property name="java.class.path" value="C:\Users\I527237\Desktop\simple-java-maven-app-master\target\test-classes;C:\Users\I527237\Desktop\simple-java-maven-app-master\target\classes;C:\Users\I527237\.m2\repository\org\junit\jupiter\junit-jupiter-api\5.9.1\junit-jupiter-api-5.9.1.jar;C:\Users\I527237\.m2\repository\org\opentest4j\opentest4j\1.2.0\opentest4j-1.2.0.jar;C:\Users\I527237\.m2\repository\org\junit\platform\junit-platform-commons\1.9.1\junit-platform-commons-1.9.1.jar;C:\Users\I527237\.m2\repository\org\apiguardian\apiguardian-api\1.1.2\apiguardian-api-1.1.2.jar;C:\Users\I527237\.m2\repository\junit\junit\4.12\junit-4.12.jar;C:\Users\I527237\.m2\repository\org\hamcrest\hamcrest-core\1.3\hamcrest-core-1.3.jar;"/>
    <property name="java.vm.vendor" value="SAP SE"/>
    <property name="sun.arch.data.model" value="64"/>
    <property name="user.variant" value=""/>
    <property name="java.vendor.url" value="https://sapmachine.io/"/>
    <property name="user.timezone" value="Asia/Calcutta"/>
    <property name="java.vm.specification.version" value="11"/>
    <property name="os.name" value="Windows 11"/>
    <property name="sun.java.launcher" value="SUN_STANDARD"/>
    <property name="user.country" value="IN"/>
    <property name="sun.boot.library.path" value="C:\Program Files\SapMachine\JDK\11\bin"/>
    <property name="sun.java.command" value="C:\Users\I527237\AppData\Local\Temp\surefire14057671121836074346\surefirebooter-20230526005534263_3.jar C:\Users\I527237\AppData\Local\Temp\surefire14057671121836074346 2023-05-26T00-55-33_004-jvmRun1 surefire-20230526005534263_1tmp surefire_0-20230526005534263_2tmp"/>
    <property name="jdk.debug" value="release"/>
    <property name="surefire.test.class.path" value="C:\Users\I527237\Desktop\simple-java-maven-app-master\target\test-classes;C:\Users\I527237\Desktop\simple-java-maven-app-master\target\classes;C:\Users\I527237\.m2\repository\org\junit\jupiter\junit-jupiter-api\5.9.1\junit-jupiter-api-5.9.1.jar;C:\Users\I527237\.m2\repository\org\opentest4j\opentest4j\1.2.0\opentest4j-1.2.0.jar;C:\Users\I527237\.m2\repository\org\junit\platform\junit-platform-commons\1.9.1\junit-platform-commons-1.9.1.jar;C:\Users\I527237\.m2\repository\org\apiguardian\apiguardian-api\1.1.2\apiguardian-api-1.1.2.jar;C:\Users\I527237\.m2\repository\junit\junit\4.12\junit-4.12.jar;C:\Users\I527237\.m2\repository\org\hamcrest\hamcrest-core\1.3\hamcrest-core-1.3.jar;"/>
    <property name="sun.cpu.endian" value="little"/>
    <property name="user.home" value="C:\Users\I527237"/>
    <property name="user.language" value="en"/>
    <property name="java.specification.vendor" value="Oracle Corporation"/>
    <property name="java.version.date" value="2022-07-19"/>
    <property name="java.home" value="C:\Program Files\SapMachine\JDK\11"/>
    <property name="file.separator" value="\"/>
    <property name="basedir" value="C:\Users\I527237\Desktop\simple-java-maven-app-master"/>
    <property name="java.vm.compressedOopsMode" value="Zero based"/>
    <property name="line.separator" value="&#10;"/>
    <property name="java.specification.name" value="Java Platform API Specification"/>
    <property name="java.vm.specification.vendor" value="Oracle Corporation"/>
    <property name="java.awt.graphicsenv" value="sun.awt.Win32GraphicsEnvironment"/>
    <property name="surefire.real.class.path" value="C:\Users\I527237\AppData\Local\Temp\surefire14057671121836074346\surefirebooter-20230526005534263_3.jar"/>
    <property name="user.script" value=""/>
    <property name="sun.management.compiler" value="HotSpot 64-Bit Tiered Compilers"/>
    <property name="java.runtime.version" value="11.0.16+8-LTS-sapmachine"/>
    <property name="user.name" value="I527237"/>
    <property name="path.separator" value=";"/>
    <property name="os.version" value="10.0"/>
    <property name="java.runtime.name" value="OpenJDK Runtime Environment"/>
    <property name="file.encoding" value="Cp1252"/>
    <property name="java.vm.name" value="OpenJDK 64-Bit Server VM"/>
    <property name="java.vendor.version" value="SapMachine"/>
    <property name="localRepository" value="C:\Users\I527237\.m2\repository"/>
    <property name="java.vendor.url.bug" value="https://github.com/SAP/SapMachine/issues/new"/>
    <property name="java.io.tmpdir" value="C:\Users\I527237\AppData\Local\Temp\"/>
    <property name="java.version" value="11.0.16"/>
    <property name="user.dir" value="C:\Users\I527237\Desktop\simple-java-maven-app-master"/>
    <property name="os.arch" value="amd64"/>
    <property name="java.vm.specification.name" value="Java Virtual Machine Specification"/>
    <property name="java.awt.printerjob" value="sun.awt.windows.WPrinterJob"/>
    <property name="sun.os.patch.level" value=""/>
    <property name="java.library.path" value="C:\Program Files\SapMachine\JDK\11\bin;C:\WINDOWS\Sun\Java\bin;C:\WINDOWS\system32;C:\WINDOWS;C:\Program Files (x86)\TRICENTIS\Tosca Testsuite\ToscaCommander;;C:\WINDOWS\system32;C:\WINDOWS;C:\WINDOWS\System32\Wbem;C:\WINDOWS\System32\WindowsPowerShell\v1.0\;C:\WINDOWS\System32\OpenSSH\;C:\Users\I527237\Downloads\apache-maven-3.8.6-bin\apache-maven-3.8.6\bin;C:\Program Files (x86)\CloudFoundry;C:\Program Files\Docker\Docker\resources\bin;C:\ProgramData\DockerDesktop\version-bin;C:\Program Files (x86)\sbt\bin;C:\Users\I527237\Downloads\apache-maven-3.8.6-bin\apache-maven-3.8.6\bin;C:\Program Files\SapMachine\JDK\11\bin;C:\gatling\gatling-charts-highcharts-bundle-3.8.4\bin;C:\Program Files\PuTTY\;C:\Program Files\dotnet\;C:\Users\I527237\Downloads\node-v18.13.0-win-x64\node-v18.13.0-win-x64;C:\Users\I527237\Downloads\node-v18.13.0-win-x64\node-v18.13.0-win-x64\node_modules\npm\bin;C:\Program Files\nodejs\;C:\Program Files\nodejs\node_modules\npm\bin;C:\Program Files\nodejs\;C:\Program Files\Git\cmd;C:\Users\I527237\AppData\Local\Microsoft\WindowsApps;C:\Users\I527237\AppData\Local\Programs\Microsoft VS Code\bin;C:\Program Files\JetBrains\IntelliJ IDEA Community Edition 2022.2.1\bin;C:\Users\I527237\AppData\Local\Programs\Git\cmd;C:\Users\I527237\AppData\Local\GitHubDesktop\bin;C:\Users\I527237\AppData\Roaming\npm;."/>
    <property name="java.vm.info" value="mixed mode"/>
    <property name="java.vendor" value="SAP SE"/>
    <property name="java.vm.version" value="11.0.16+8-LTS-sapmachine"/>
    <property name="sun.io.unicode.encoding" value="UnicodeLittle"/>
    <property name="java.class.version" value="55.0"/>
  </properties>
  <testcase name="testMultiplication" classname="test.java.com.mycompany.app.AppTest" time="0.049"/>
  <testcase name="testAddition" classname="test.java.com.mycompany.app.AppTest" time="0.001"/>
  <testcase name="testDivisionByZero" classname="test.java.com.mycompany.app.AppTest" time="0.003"/>
  <testcase name="testDivision" classname="test.java.com.mycompany.app.AppTest" time="0.001"/>
  <testcase name="testSubtraction" classname="test.java.com.mycompany.app.AppTest" time="0.004"/>
</testsuite>